<?xml version="1.0" encoding="UTF-8"?>
<!-- Generated by org.testng.reporters.JUnitReportReporter -->
<testsuite hostname="Vishwanath-Naik" failures="0" tests="1" name="launching.ChromeLaunch" time="84.832" errors="0" timestamp="2023-03-18T22:49:41 IST" skipped="0">
  <testcase classname="launching.ChromeLaunch" name="launch" time="84.832"/>
  <system-out/>
</testsuite> <!-- launching.ChromeLaunch -->
