<?xml version="1.0" encoding="UTF-8"?>
<!-- Generated by org.testng.reporters.JUnitReportReporter -->
<testsuite skipped="0" hostname="Vishwanath-Naik" name="launching.ChromeLaunch" tests="1" failures="0" timestamp="2023-03-18T23:08:20 IST" time="65.673" errors="0">
  <testcase name="launch" time="65.673" classname="launching.ChromeLaunch"/>
  <system-out/>
</testsuite> <!-- launching.ChromeLaunch -->
